<?xml version="1.0" encoding="UTF-8"?>
<testng-results ignored="0" total="1" passed="1" failed="0" skipped="0">
  <reporter-output>
  </reporter-output>
  <suite started-at="2024-01-19T17:40:19 IST" name="Default suite" finished-at="2024-01-19T17:40:49 IST" duration-ms="30167">
    <groups>
    </groups>
    <test started-at="2024-01-19T17:40:19 IST" name="Default test" finished-at="2024-01-19T17:40:49 IST" duration-ms="30167">
      <class name="lesson3TDD.TestELearning">
        <test-method signature="testelearning()[pri:0, instance:lesson3TDD.TestELearning@76a4ebf2]" started-at="2024-01-19T17:40:19 IST" name="testelearning" finished-at="2024-01-19T17:40:49 IST" duration-ms="30054" status="PASS">
          <reporter-output>
          </reporter-output>
        </test-method> <!-- testelearning -->
      </class> <!-- lesson3TDD.TestELearning -->
    </test> <!-- Default test -->
  </suite> <!-- Default suite -->
</testng-results>
